<?xml version="1.0" encoding="UTF-8"?>
<!-- Generated by org.testng.reporters.JUnitReportReporter -->
<testsuite hostname="NandhiniBS" failures="0" tests="15" name="tests.Covid19TrackerTest" time="45.464" errors="0" timestamp="2024-11-09T16:43:31 IST" skipped="0">
  <testcase classname="tests.Covid19TrackerTest" name="verifyCovid19TrackerPageLoadsSuccessfully" time="0.037"/>
  <testcase classname="tests.Covid19TrackerTest" name="verifyZoomInButtonClick" time="2.137"/>
  <testcase classname="tests.Covid19TrackerTest" name="verifyZoomOutButtonClick" time="2.140"/>
  <testcase classname="tests.Covid19TrackerTest" name="verifyDefaultDropdownOption" time="0.177"/>
  <testcase classname="tests.Covid19TrackerTest" name="verifyStateSelection" time="0.876"/>
  <testcase classname="tests.Covid19TrackerTest" name="verifyDisplayAllData" time="4.208"/>
  <testcase classname="tests.Covid19TrackerTest" name="verifyHoverAndClickTargetElementTwice" time="3.263"/>
  <testcase classname="tests.Covid19TrackerTest" name="verifydownloadpiechartimage" time="2.236"/>
  <testcase classname="tests.Covid19TrackerTest" name="verifyRedirectToAnotherPageAndSwitchBack" time="12.158"/>
  <testcase classname="tests.Covid19TrackerTest" name="verifyHoverAndClickTargetElementTwice1" time="3.233"/>
  <testcase classname="tests.Covid19TrackerTest" name="verifytotalbtn" time="3.249"/>
  <testcase classname="tests.Covid19TrackerTest" name="verifyactivecasesbtn" time="3.246"/>
  <testcase classname="tests.Covid19TrackerTest" name="verifyrecoveredbtn" time="3.235"/>
  <testcase classname="tests.Covid19TrackerTest" name="verifydeathsbtn" time="3.242"/>
  <testcase classname="tests.Covid19TrackerTest" name="verifyScrollToBottom" time="2.027"/>
</testsuite> <!-- tests.Covid19TrackerTest -->
